{
  "RSpec": {
    "coverage": {
      "/Users/michaelcalvey/Programming/makers/main/week_1/boris_bikes/spec/bike_spec.rb": [
        1,
        null,
        1,
        null,
        1,
        2,
        2,
        null,
        null,
        2,
        null,
        1,
        1,
        null,
        null
      ],
      "/Users/michaelcalvey/Programming/makers/main/week_1/boris_bikes/lib/bike.rb": [
        1,
        1,
        5,
        null,
        null,
        1,
        1,
        null,
        null
      ],
      "/Users/michaelcalvey/Programming/makers/main/week_1/boris_bikes/spec/docking_station_spec.rb": [
        1,
        null,
        1,
        null,
        1,
        13,
        13,
        13,
        13,
        13,
        null,
        null,
        2,
        2,
        null,
        1,
        null,
        1,
        1,
        1,
        null,
        null,
        null,
        1,
        1,
        1,
        null,
        null,
        null,
        1,
        null,
        1,
        1,
        1,
        1,
        null,
        null,
        1,
        1,
        0,
        null,
        null,
        null,
        null,
        1,
        null,
        1,
        21,
        2,
        null,
        null,
        1,
        1,
        null,
        null,
        1,
        1,
        null,
        null,
        null,
        1,
        null,
        1,
        1,
        1,
        null,
        null,
        1,
        1,
        1,
        null,
        null,
        null,
        1,
        null,
        1,
        1,
        1,
        1,
        null,
        null,
        null,
        1,
        1,
        1,
        null,
        null,
        null,
        null
      ],
      "/Users/michaelcalvey/Programming/makers/main/week_1/boris_bikes/lib/docking_station.rb": [
        1,
        null,
        1,
        1,
        null,
        1,
        1,
        1,
        null,
        1,
        30,
        30,
        30,
        null,
        null,
        1,
        1,
        1,
        null,
        null,
        1,
        26,
        25,
        null,
        null,
        1,
        1,
        1,
        1,
        null,
        null,
        1,
        1,
        3,
        null,
        1,
        null,
        null,
        1,
        null,
        1,
        26,
        null,
        null,
        1,
        1,
        null,
        null
      ],
      "/Users/michaelcalvey/Programming/makers/main/week_1/boris_bikes/spec/garage_spec.rb": [
        1,
        null,
        1,
        null,
        1,
        3,
        3,
        null,
        null,
        1,
        1,
        1,
        null,
        null,
        null,
        1,
        1,
        1,
        1,
        null,
        null,
        null,
        1,
        1,
        1,
        null,
        null,
        null
      ],
      "/Users/michaelcalvey/Programming/makers/main/week_1/boris_bikes/lib/garage.rb": [
        1,
        1,
        1,
        null,
        1,
        3,
        3,
        null,
        null,
        1,
        1,
        1,
        null,
        null,
        1,
        1,
        0,
        0,
        null,
        1,
        1,
        null,
        null,
        1,
        1,
        null,
        null
      ],
      "/Users/michaelcalvey/Programming/makers/main/week_1/boris_bikes/spec/van_spec.rb": [
        1,
        1,
        null,
        1,
        2,
        2,
        2,
        2,
        null,
        null,
        1,
        1,
        1,
        null,
        null,
        null,
        1,
        1,
        1,
        null,
        null,
        null,
        null
      ],
      "/Users/michaelcalvey/Programming/makers/main/week_1/boris_bikes/lib/van.rb": [
        1,
        1,
        null,
        1,
        2,
        null,
        null,
        1,
        1,
        null,
        null,
        1,
        1,
        null,
        null
      ]
    },
    "timestamp": 1475419878
  }
}
